# JRE version: OpenJDK Runtime Environment Temurin-23.0.1+11 (23.0.1+11) (build 23.0.1+11)
# Java VM: OpenJDK 64-Bit Server VM Temurin-23.0.1+11 (23.0.1+11, mixed mode, emulated-client, sharing, tiered, compressed oops, compressed class ptrs, g1 gc, windows-amd64)
GC Precious Log:
 CardTable entry size: 512
 Card Set container configuration: InlinePtr #cards 4 size 8 Array Of Cards #cards 16 size 48 Howl #buckets 8 coarsen threshold 3686 Howl Bitmap #cards 512 size 80 coarsen threshold 460 Card regions per heap region 1 cards per card region 4096
 CPUs: 12 total, 12 available
 Memory: 16087M
 Large Page Support: Disabled
 NUMA Support: Disabled
 Compressed Oops: Enabled (Zero based)
 Heap Region Size: 2M
 Heap Min Capacity: 8M
 Heap Initial Capacity: 252M
 Heap Max Capacity: 4022M
 Pre-touch: Disabled
 Parallel Workers: 10
 Concurrent Workers: 3
 Concurrent Refinement Workers: 10
 Periodic GC: Disabled
Heap:
 garbage-first heap   total reserved 4118528K, committed 131072K, used 69393K [0x0000000704a00000, 0x0000000800000000)
  region size 2048K, 15 young (30720K), 1 survivors (2048K)
 Metaspace       used 91935K, committed 92864K, reserved 1179648K
  class space    used 13369K, committed 13824K, reserved 1048576K
GC Heap History (20 events):
Event: 208551.330 GC heap before
{Heap before GC invocations=74 (full 4):
 garbage-first heap   total reserved 4118528K, committed 131072K, used 113578K [0x0000000704a00000, 0x0000000800000000)
  region size 2048K, 37 young (75776K), 2 survivors (4096K)
 Metaspace       used 91364K, committed 92480K, reserved 1179648K
  class space    used 13344K, committed 13824K, reserved 1048576K
}
Event: 208551.502 GC heap after
{Heap after GC invocations=75 (full 4):
 garbage-first heap   total reserved 4118528K, committed 131072K, used 44012K [0x0000000704a00000, 0x0000000800000000)
  region size 2048K, 1 young (2048K), 1 survivors (2048K)
 Metaspace       used 91364K, committed 92480K, reserved 1179648K
  class space    used 13344K, committed 13824K, reserved 1048576K
}
Event: 209940.897 GC heap before
{Heap before GC invocations=76 (full 4):
 garbage-first heap   total reserved 4118528K, committed 131072K, used 119788K [0x0000000704a00000, 0x0000000800000000)
  region size 2048K, 38 young (77824K), 1 survivors (2048K)
 Metaspace       used 91366K, committed 92480K, reserved 1179648K
  class space    used 13344K, committed 13824K, reserved 1048576K
}
Event: 209940.963 GC heap after
{Heap after GC invocations=77 (full 4):
 garbage-first heap   total reserved 4118528K, committed 131072K, used 43853K [0x0000000704a00000, 0x0000000800000000)
  region size 2048K, 1 young (2048K), 1 survivors (2048K)
 Metaspace       used 91366K, committed 92480K, reserved 1179648K
  class space    used 13344K, committed 13824K, reserved 1048576K
}
Event: 211349.491 GC heap before
{Heap before GC invocations=77 (full 4):
 garbage-first heap   total reserved 4118528K, committed 131072K, used 119629K [0x0000000704a00000, 0x0000000800000000)
  region size 2048K, 38 young (77824K), 1 survivors (2048K)
 Metaspace       used 91370K, committed 92480K, reserved 1179648K
  class space    used 13345K, committed 13824K, reserved 1048576K
}
Event: 211349.598 GC heap after
{Heap after GC invocations=78 (full 4):
 garbage-first heap   total reserved 4118528K, committed 131072K, used 43035K [0x0000000704a00000, 0x0000000800000000)
  region size 2048K, 1 young (2048K), 1 survivors (2048K)
 Metaspace       used 91370K, committed 92480K, reserved 1179648K
  class space    used 13345K, committed 13824K, reserved 1048576K
}
Event: 212756.239 GC heap before
{Heap before GC invocations=78 (full 4):
 garbage-first heap   total reserved 4118528K, committed 131072K, used 118811K [0x0000000704a00000, 0x0000000800000000)
  region size 2048K, 38 young (77824K), 1 survivors (2048K)
 Metaspace       used 91370K, committed 92480K, reserved 1179648K
  class space    used 13345K, committed 13824K, reserved 1048576K
}
Event: 212756.359 GC heap after
{Heap after GC invocations=79 (full 4):
 garbage-first heap   total reserved 4118528K, committed 131072K, used 43106K [0x0000000704a00000, 0x0000000800000000)
  region size 2048K, 1 young (2048K), 1 survivors (2048K)
 Metaspace       used 91370K, committed 92480K, reserved 1179648K
  class space    used 13345K, committed 13824K, reserved 1048576K
}
Event: 214160.350 GC heap before
{Heap before GC invocations=80 (full 4):
 garbage-first heap   total reserved 4118528K, committed 131072K, used 118882K [0x0000000704a00000, 0x0000000800000000)
  region size 2048K, 38 young (77824K), 1 survivors (2048K)
 Metaspace       used 91331K, committed 92480K, reserved 1179648K
  class space    used 13334K, committed 13824K, reserved 1048576K
}
Event: 214160.422 GC heap after
{Heap after GC invocations=81 (full 4):
 garbage-first heap   total reserved 4118528K, committed 131072K, used 43109K [0x0000000704a00000, 0x0000000800000000)
  region size 2048K, 1 young (2048K), 1 survivors (2048K)
 Metaspace       used 91331K, committed 92480K, reserved 1179648K
  class space    used 13334K, committed 13824K, reserved 1048576K
}
Event: 215594.786 GC heap before
{Heap before GC invocations=81 (full 4):
 garbage-first heap   total reserved 4118528K, committed 131072K, used 118885K [0x0000000704a00000, 0x0000000800000000)
  region size 2048K, 38 young (77824K), 1 survivors (2048K)
 Metaspace       used 91331K, committed 92480K, reserved 1179648K
  class space    used 13334K, committed 13824K, reserved 1048576K
}
Event: 215594.848 GC heap after
{Heap after GC invocations=82 (full 4):
 garbage-first heap   total reserved 4118528K, committed 131072K, used 42490K [0x0000000704a00000, 0x0000000800000000)
  region size 2048K, 1 young (2048K), 1 survivors (2048K)
 Metaspace       used 91331K, committed 92480K, reserved 1179648K
  class space    used 13334K, committed 13824K, reserved 1048576K
}
Event: 216994.923 GC heap before
{Heap before GC invocations=82 (full 4):
 garbage-first heap   total reserved 4118528K, committed 131072K, used 118266K [0x0000000704a00000, 0x0000000800000000)
  region size 2048K, 38 young (77824K), 1 survivors (2048K)
 Metaspace       used 91331K, committed 92480K, reserved 1179648K
  class space    used 13334K, committed 13824K, reserved 1048576K
}
Event: 216995.040 GC heap after
{Heap after GC invocations=83 (full 4):
 garbage-first heap   total reserved 4118528K, committed 131072K, used 42610K [0x0000000704a00000, 0x0000000800000000)
  region size 2048K, 1 young (2048K), 1 survivors (2048K)
 Metaspace       used 91331K, committed 92480K, reserved 1179648K
  class space    used 13334K, committed 13824K, reserved 1048576K
}
Event: 218396.695 GC heap before
{Heap before GC invocations=84 (full 4):
 garbage-first heap   total reserved 4118528K, committed 131072K, used 116338K [0x0000000704a00000, 0x0000000800000000)
  region size 2048K, 38 young (77824K), 1 survivors (2048K)
 Metaspace       used 91317K, committed 92480K, reserved 1179648K
  class space    used 13330K, committed 13824K, reserved 1048576K
}
Event: 218396.756 GC heap after
{Heap after GC invocations=85 (full 4):
 garbage-first heap   total reserved 4118528K, committed 131072K, used 42563K [0x0000000704a00000, 0x0000000800000000)
  region size 2048K, 1 young (2048K), 1 survivors (2048K)
 Metaspace       used 91317K, committed 92480K, reserved 1179648K
  class space    used 13330K, committed 13824K, reserved 1048576K
}
Event: 219805.996 GC heap before
{Heap before GC invocations=85 (full 4):
 garbage-first heap   total reserved 4118528K, committed 131072K, used 118339K [0x0000000704a00000, 0x0000000800000000)
  region size 2048K, 38 young (77824K), 1 survivors (2048K)
 Metaspace       used 91317K, committed 92480K, reserved 1179648K
  class space    used 13330K, committed 13824K, reserved 1048576K
}
Event: 219806.058 GC heap after
{Heap after GC invocations=86 (full 4):
 garbage-first heap   total reserved 4118528K, committed 131072K, used 42045K [0x0000000704a00000, 0x0000000800000000)
  region size 2048K, 1 young (2048K), 1 survivors (2048K)
 Metaspace       used 91317K, committed 92480K, reserved 1179648K
  class space    used 13330K, committed 13824K, reserved 1048576K
}
Event: 220990.970 GC heap before
{Heap before GC invocations=86 (full 4):
 garbage-first heap   total reserved 4118528K, committed 131072K, used 117821K [0x0000000704a00000, 0x0000000800000000)
  region size 2048K, 38 young (77824K), 1 survivors (2048K)
 Metaspace       used 91317K, committed 92480K, reserved 1179648K
  class space    used 13330K, committed 13824K, reserved 1048576K
}
Event: 220991.031 GC heap after
{Heap after GC invocations=87 (full 4):
 garbage-first heap   total reserved 4118528K, committed 131072K, used 42769K [0x0000000704a00000, 0x0000000800000000)
  region size 2048K, 1 young (2048K), 1 survivors (2048K)
 Metaspace       used 91317K, committed 92480K, reserved 1179648K
  class space    used 13330K, committed 13824K, reserved 1048576K
}

