# JRE version: OpenJDK Runtime Environment Temurin-23.0.1+11 (23.0.1+11) (build 23.0.1+11)
# Java VM: OpenJDK 64-Bit Server VM Temurin-23.0.1+11 (23.0.1+11, mixed mode, emulated-client, sharing, tiered, compressed oops, compressed class ptrs, g1 gc, windows-amd64)
GC Precious Log:
 CardTable entry size: 512
 Card Set container configuration: InlinePtr #cards 4 size 8 Array Of Cards #cards 16 size 48 Howl #buckets 8 coarsen threshold 3686 Howl Bitmap #cards 512 size 80 coarsen threshold 460 Card regions per heap region 1 cards per card region 4096
 CPUs: 12 total, 12 available
 Memory: 16087M
 Large Page Support: Disabled
 NUMA Support: Disabled
 Compressed Oops: Enabled (Zero based)
 Heap Region Size: 2M
 Heap Min Capacity: 8M
 Heap Initial Capacity: 252M
 Heap Max Capacity: 4022M
 Pre-touch: Disabled
 Parallel Workers: 10
 Concurrent Workers: 3
 Concurrent Refinement Workers: 10
 Periodic GC: Disabled
Heap:
 garbage-first heap   total reserved 4118528K, committed 116736K, used 54688K [0x0000000704a00000, 0x0000000800000000)
  region size 2048K, 5 young (10240K), 3 survivors (6144K)
 Metaspace       used 88977K, committed 89856K, reserved 1179648K
  class space    used 12941K, committed 13312K, reserved 1048576K
GC Heap History (20 events):
Event: 2973.396 GC heap before
{Heap before GC invocations=89 (full 8):
 garbage-first heap   total reserved 4118528K, committed 116736K, used 75231K [0x0000000704a00000, 0x0000000800000000)
  region size 2048K, 15 young (30720K), 3 survivors (6144K)
 Metaspace       used 87804K, committed 88704K, reserved 1179648K
  class space    used 12820K, committed 13248K, reserved 1048576K
}
Event: 2973.445 GC heap after
{Heap after GC invocations=90 (full 9):
 garbage-first heap   total reserved 4118528K, committed 116736K, used 38030K [0x0000000704a00000, 0x0000000800000000)
  region size 2048K, 0 young (0K), 0 survivors (0K)
 Metaspace       used 87671K, committed 88704K, reserved 1179648K
  class space    used 12783K, committed 13248K, reserved 1048576K
}
Event: 2975.527 GC heap before
{Heap before GC invocations=90 (full 9):
 garbage-first heap   total reserved 4118528K, committed 116736K, used 99470K [0x0000000704a00000, 0x0000000800000000)
  region size 2048K, 30 young (61440K), 0 survivors (0K)
 Metaspace       used 87873K, committed 88768K, reserved 1179648K
  class space    used 12819K, committed 13248K, reserved 1048576K
}
Event: 2975.541 GC heap after
{Heap after GC invocations=91 (full 9):
 garbage-first heap   total reserved 4118528K, committed 116736K, used 44174K [0x0000000704a00000, 0x0000000800000000)
  region size 2048K, 3 young (6144K), 3 survivors (6144K)
 Metaspace       used 87873K, committed 88768K, reserved 1179648K
  class space    used 12819K, committed 13248K, reserved 1048576K
}
Event: 2976.841 GC heap before
{Heap before GC invocations=91 (full 9):
 garbage-first heap   total reserved 4118528K, committed 116736K, used 97422K [0x0000000704a00000, 0x0000000800000000)
  region size 2048K, 29 young (59392K), 3 survivors (6144K)
 Metaspace       used 88146K, committed 89024K, reserved 1179648K
  class space    used 12857K, committed 13248K, reserved 1048576K
}
Event: 2976.849 GC heap after
{Heap after GC invocations=92 (full 9):
 garbage-first heap   total reserved 4118528K, committed 116736K, used 47989K [0x0000000704a00000, 0x0000000800000000)
  region size 2048K, 3 young (6144K), 3 survivors (6144K)
 Metaspace       used 88146K, committed 89024K, reserved 1179648K
  class space    used 12857K, committed 13248K, reserved 1048576K
}
Event: 2977.599 GC heap before
{Heap before GC invocations=92 (full 9):
 garbage-first heap   total reserved 4118528K, committed 116736K, used 95093K [0x0000000704a00000, 0x0000000800000000)
  region size 2048K, 26 young (53248K), 3 survivors (6144K)
 Metaspace       used 88338K, committed 89280K, reserved 1179648K
  class space    used 12887K, committed 13312K, reserved 1048576K
}
Event: 2977.605 GC heap after
{Heap after GC invocations=93 (full 9):
 garbage-first heap   total reserved 4118528K, committed 116736K, used 51173K [0x0000000704a00000, 0x0000000800000000)
  region size 2048K, 4 young (8192K), 4 survivors (8192K)
 Metaspace       used 88338K, committed 89280K, reserved 1179648K
  class space    used 12887K, committed 13312K, reserved 1048576K
}
Event: 2978.413 GC heap before
{Heap before GC invocations=94 (full 9):
 garbage-first heap   total reserved 4118528K, committed 116736K, used 94181K [0x0000000704a00000, 0x0000000800000000)
  region size 2048K, 25 young (51200K), 4 survivors (8192K)
 Metaspace       used 88397K, committed 89344K, reserved 1179648K
  class space    used 12897K, committed 13312K, reserved 1048576K
}
Event: 2978.418 GC heap after
{Heap after GC invocations=95 (full 9):
 garbage-first heap   total reserved 4118528K, committed 116736K, used 53796K [0x0000000704a00000, 0x0000000800000000)
  region size 2048K, 4 young (8192K), 4 survivors (8192K)
 Metaspace       used 88397K, committed 89344K, reserved 1179648K
  class space    used 12897K, committed 13312K, reserved 1048576K
}
Event: 3032.214 GC heap before
{Heap before GC invocations=95 (full 9):
 garbage-first heap   total reserved 4118528K, committed 116736K, used 57892K [0x0000000704a00000, 0x0000000800000000)
  region size 2048K, 7 young (14336K), 4 survivors (8192K)
 Metaspace       used 88400K, committed 89344K, reserved 1179648K
  class space    used 12898K, committed 13312K, reserved 1048576K
}
Event: 3032.261 GC heap after
{Heap after GC invocations=96 (full 10):
 garbage-first heap   total reserved 4118528K, committed 116736K, used 40363K [0x0000000704a00000, 0x0000000800000000)
  region size 2048K, 0 young (0K), 0 survivors (0K)
 Metaspace       used 88277K, committed 89344K, reserved 1179648K
  class space    used 12869K, committed 13312K, reserved 1048576K
}
Event: 3034.193 GC heap before
{Heap before GC invocations=96 (full 10):
 garbage-first heap   total reserved 4118528K, committed 116736K, used 97707K [0x0000000704a00000, 0x0000000800000000)
  region size 2048K, 29 young (59392K), 0 survivors (0K)
 Metaspace       used 88422K, committed 89344K, reserved 1179648K
  class space    used 12892K, committed 13312K, reserved 1048576K
}
Event: 3034.200 GC heap after
{Heap after GC invocations=97 (full 10):
 garbage-first heap   total reserved 4118528K, committed 116736K, used 45223K [0x0000000704a00000, 0x0000000800000000)
  region size 2048K, 3 young (6144K), 3 survivors (6144K)
 Metaspace       used 88422K, committed 89344K, reserved 1179648K
  class space    used 12892K, committed 13312K, reserved 1048576K
}
Event: 3035.304 GC heap before
{Heap before GC invocations=97 (full 10):
 garbage-first heap   total reserved 4118528K, committed 116736K, used 96423K [0x0000000704a00000, 0x0000000800000000)
  region size 2048K, 28 young (57344K), 3 survivors (6144K)
 Metaspace       used 88619K, committed 89536K, reserved 1179648K
  class space    used 12912K, committed 13312K, reserved 1048576K
}
Event: 3035.310 GC heap after
{Heap after GC invocations=98 (full 10):
 garbage-first heap   total reserved 4118528K, committed 116736K, used 48012K [0x0000000704a00000, 0x0000000800000000)
  region size 2048K, 2 young (4096K), 2 survivors (4096K)
 Metaspace       used 88619K, committed 89536K, reserved 1179648K
  class space    used 12912K, committed 13312K, reserved 1048576K
}
Event: 3036.458 GC heap before
{Heap before GC invocations=98 (full 10):
 garbage-first heap   total reserved 4118528K, committed 116736K, used 97164K [0x0000000704a00000, 0x0000000800000000)
  region size 2048K, 26 young (53248K), 2 survivors (4096K)
 Metaspace       used 88727K, committed 89600K, reserved 1179648K
  class space    used 12920K, committed 13312K, reserved 1048576K
}
Event: 3036.464 GC heap after
{Heap after GC invocations=99 (full 10):
 garbage-first heap   total reserved 4118528K, committed 116736K, used 49655K [0x0000000704a00000, 0x0000000800000000)
  region size 2048K, 3 young (6144K), 3 survivors (6144K)
 Metaspace       used 88727K, committed 89600K, reserved 1179648K
  class space    used 12920K, committed 13312K, reserved 1048576K
}
Event: 3060.826 GC heap before
{Heap before GC invocations=100 (full 10):
 garbage-first heap   total reserved 4118528K, committed 116736K, used 94711K [0x0000000704a00000, 0x0000000800000000)
  region size 2048K, 25 young (51200K), 3 survivors (6144K)
 Metaspace       used 88758K, committed 89600K, reserved 1179648K
  class space    used 12923K, committed 13312K, reserved 1048576K
}
Event: 3060.835 GC heap after
{Heap after GC invocations=101 (full 10):
 garbage-first heap   total reserved 4118528K, committed 116736K, used 52640K [0x0000000704a00000, 0x0000000800000000)
  region size 2048K, 3 young (6144K), 3 survivors (6144K)
 Metaspace       used 88758K, committed 89600K, reserved 1179648K
  class space    used 12923K, committed 13312K, reserved 1048576K
}

